<?xml version="1.0" encoding="UTF-8"?>
<!-- Generated by org.testng.reporters.JUnitXMLReporter -->
<testsuite hostname="LAPTOP-G1FMFIUG" ignored="0" name="Test1" tests="1" failures="1" timestamp="2022-04-24T14:26:47 IST" time="0.039" errors="0">
  <testcase name="tc1" time="0.0" classname="practice.ParellelExction">
    <failure type="org.testng.TestNGException" message="
Parameter &amp;apos;browsername&amp;apos; is required by @Test on method tc1 but has not been marked @Optional or defined
in C:\Users\Bhanu priya KR\eclipse-workspace\Selenium automation\testng.xml">
      <![CDATA[org.testng.TestNGException: 
Parameter 'browsername' is required by @Test on method tc1 but has not been marked @Optional or defined
in C:\Users\Bhanu priya KR\eclipse-workspace\Selenium automation\testng.xml
at java.util.ArrayList.forEach(ArrayList.java:1257)
at java.util.concurrent.FutureTask.run(FutureTask.java:266)
at java.util.concurrent.ThreadPoolExecutor.runWorker(ThreadPoolExecutor.java:1149)
at java.util.concurrent.ThreadPoolExecutor$Worker.run(ThreadPoolExecutor.java:624)
at java.lang.Thread.run(Thread.java:748)
... Removed 17 stack frames]]>
    </failure>
  </testcase> <!-- tc1 -->
</testsuite> <!-- Test1 -->
